
12861 att48.tsp .005239131
8980 berlin52.tsp .005335287
27807 kroA100.tsp .006415657
33633 kroA150.tsp .007616223
35859 kroA200.tsp .010124580
29158 kroB100.tsp .006140349
34499 kroB150.tsp .007581490
36980 kroB200.tsp .006421737
26227 kroC100.tsp .003294785
26947 kroD100.tsp .002856236
27460 kroE100.tsp .003084458
20356 lin105.tsp .003385673
153462 pr76.tsp .002858396
46680 pr107.tsp .003082718
69297 pr124.tsp .003117693
120769 pr136.tsp .003436480
61652 pr144.tsp .003320670
85699 pr152.tsp .003935349
1554 rat99.tsp .002977581
2752 rat195.tsp .004496562
830 st70.tsp .002907074
